[28-Apr-2022 15:10:08] NOTICE: fpm is running, pid 10052
[28-Apr-2022 15:10:08] NOTICE: ready to handle connections
[28-Apr-2022 15:10:40] NOTICE: Terminating ...
[28-Apr-2022 15:10:40] NOTICE: Terminating ...
[28-Apr-2022 15:10:40] NOTICE: exiting, bye-bye!
[28-Apr-2022 15:10:41] NOTICE: fpm is running, pid 10140
[28-Apr-2022 15:10:41] NOTICE: ready to handle connections
[28-Apr-2022 16:44:39] NOTICE: Terminating ...
[28-Apr-2022 16:44:39] NOTICE: Terminating ...
[28-Apr-2022 16:44:39] NOTICE: exiting, bye-bye!
[28-Apr-2022 16:44:41] NOTICE: fpm is running, pid 14954
[28-Apr-2022 16:44:41] NOTICE: ready to handle connections
[29-Apr-2022 09:48:39] NOTICE: Terminating ...
[29-Apr-2022 09:48:39] NOTICE: exiting, bye-bye!
[29-Apr-2022 10:10:26] NOTICE: fpm is running, pid 17691
[29-Apr-2022 10:10:26] NOTICE: ready to handle connections
[29-Apr-2022 11:08:48] NOTICE: Terminating ...
[29-Apr-2022 11:08:48] NOTICE: Terminating ...
[29-Apr-2022 11:08:48] NOTICE: exiting, bye-bye!
[29-Apr-2022 12:16:52] NOTICE: fpm is running, pid 21721
[29-Apr-2022 12:16:52] NOTICE: ready to handle connections
[29-Apr-2022 13:34:52] NOTICE: Terminating ...
[29-Apr-2022 13:34:52] NOTICE: Terminating ...
[29-Apr-2022 13:34:52] NOTICE: exiting, bye-bye!
[29-Apr-2022 13:49:06] NOTICE: fpm is running, pid 23650
[29-Apr-2022 13:49:06] NOTICE: ready to handle connections
[02-May-2022 09:59:45] NOTICE: Terminating ...
[02-May-2022 09:59:45] NOTICE: exiting, bye-bye!
[02-May-2022 09:59:51] NOTICE: fpm is running, pid 32864
[02-May-2022 09:59:51] NOTICE: ready to handle connections
[02-May-2022 14:37:47] NOTICE: Terminating ...
[02-May-2022 14:37:47] NOTICE: Terminating ...
[02-May-2022 14:37:47] NOTICE: exiting, bye-bye!
[02-May-2022 14:37:50] NOTICE: fpm is running, pid 43703
[02-May-2022 14:37:50] NOTICE: ready to handle connections
[03-May-2022 10:23:45] NOTICE: Terminating ...
[03-May-2022 10:23:45] NOTICE: exiting, bye-bye!
[03-May-2022 10:23:52] NOTICE: fpm is running, pid 52874
[03-May-2022 10:23:52] NOTICE: ready to handle connections
[03-May-2022 13:38:48] NOTICE: Terminating ...
[03-May-2022 13:38:48] NOTICE: Terminating ...
[03-May-2022 13:38:48] NOTICE: exiting, bye-bye!
[03-May-2022 13:38:52] NOTICE: fpm is running, pid 61108
[03-May-2022 13:38:52] NOTICE: ready to handle connections
[04-May-2022 10:03:23] NOTICE: Terminating ...
[04-May-2022 10:03:23] NOTICE: exiting, bye-bye!
[04-May-2022 10:04:02] NOTICE: fpm is running, pid 76045
[04-May-2022 10:04:02] NOTICE: ready to handle connections
[04-May-2022 13:31:40] NOTICE: Terminating ...
[04-May-2022 13:31:40] NOTICE: Terminating ...
[04-May-2022 13:31:40] NOTICE: exiting, bye-bye!
[04-May-2022 13:31:45] NOTICE: fpm is running, pid 84299
[04-May-2022 13:31:45] NOTICE: ready to handle connections
[05-May-2022 10:07:52] NOTICE: Terminating ...
[05-May-2022 10:07:52] NOTICE: exiting, bye-bye!
[05-May-2022 10:07:57] NOTICE: fpm is running, pid 97143
[05-May-2022 10:07:57] NOTICE: ready to handle connections
[05-May-2022 10:45:26] NOTICE: Terminating ...
[05-May-2022 10:45:26] NOTICE: Terminating ...
[05-May-2022 10:45:26] NOTICE: exiting, bye-bye!
[05-May-2022 10:45:32] NOTICE: fpm is running, pid 99322
[05-May-2022 10:45:32] NOTICE: ready to handle connections
[06-May-2022 10:17:34] NOTICE: Terminating ...
[06-May-2022 10:17:34] NOTICE: exiting, bye-bye!
[06-May-2022 10:17:40] NOTICE: fpm is running, pid 19396
[06-May-2022 10:17:40] NOTICE: ready to handle connections
[09-May-2022 10:08:48] NOTICE: Terminating ...
[09-May-2022 10:08:48] NOTICE: exiting, bye-bye!
[09-May-2022 10:08:59] NOTICE: fpm is running, pid 41302
[09-May-2022 10:08:59] NOTICE: ready to handle connections
[09-May-2022 10:32:03] NOTICE: Terminating ...
[09-May-2022 10:32:03] NOTICE: Terminating ...
[09-May-2022 10:32:03] NOTICE: exiting, bye-bye!
[09-May-2022 11:07:03] NOTICE: fpm is running, pid 2030
[09-May-2022 11:07:03] NOTICE: ready to handle connections
[09-May-2022 15:02:31] NOTICE: fpm is running, pid 14406
[09-May-2022 15:02:31] NOTICE: ready to handle connections
[10-May-2022 10:05:55] NOTICE: Terminating ...
[10-May-2022 10:05:55] NOTICE: exiting, bye-bye!
[10-May-2022 10:06:01] NOTICE: fpm is running, pid 24279
[10-May-2022 10:06:01] NOTICE: ready to handle connections
[10-May-2022 14:12:17] NOTICE: Terminating ...
[10-May-2022 14:12:17] NOTICE: Terminating ...
[10-May-2022 14:12:17] NOTICE: exiting, bye-bye!
[10-May-2022 14:12:18] NOTICE: fpm is running, pid 36107
[10-May-2022 14:12:18] NOTICE: ready to handle connections
[11-May-2022 09:44:15] NOTICE: Terminating ...
[11-May-2022 09:44:15] NOTICE: exiting, bye-bye!
[11-May-2022 09:44:21] NOTICE: fpm is running, pid 49007
[11-May-2022 09:44:21] NOTICE: ready to handle connections
[11-May-2022 09:49:42] NOTICE: Terminating ...
[11-May-2022 09:49:42] NOTICE: Terminating ...
[11-May-2022 09:49:42] NOTICE: exiting, bye-bye!
[11-May-2022 09:49:47] NOTICE: fpm is running, pid 49500
[11-May-2022 09:49:47] NOTICE: ready to handle connections
[12-May-2022 09:48:48] NOTICE: Terminating ...
[12-May-2022 09:48:48] NOTICE: exiting, bye-bye!
[12-May-2022 09:48:55] NOTICE: fpm is running, pid 71374
[12-May-2022 09:48:55] NOTICE: ready to handle connections
[12-May-2022 10:49:14] NOTICE: Terminating ...
[12-May-2022 10:49:14] NOTICE: Terminating ...
[12-May-2022 10:49:14] NOTICE: exiting, bye-bye!
[12-May-2022 10:49:17] NOTICE: fpm is running, pid 74578
[12-May-2022 10:49:17] NOTICE: ready to handle connections
[12-May-2022 17:06:04] NOTICE: Terminating ...
[12-May-2022 17:06:04] NOTICE: Terminating ...
[12-May-2022 17:06:04] NOTICE: exiting, bye-bye!
[12-May-2022 17:06:07] NOTICE: fpm is running, pid 91165
[12-May-2022 17:06:07] NOTICE: ready to handle connections
[13-May-2022 13:32:21] NOTICE: Terminating ...
[13-May-2022 13:32:21] NOTICE: exiting, bye-bye!
[13-May-2022 13:33:27] NOTICE: fpm is running, pid 2024
[13-May-2022 13:33:27] NOTICE: ready to handle connections
[13-May-2022 16:58:59] NOTICE: Terminating ...
[13-May-2022 16:58:59] NOTICE: Terminating ...
[13-May-2022 16:58:59] NOTICE: exiting, bye-bye!
[13-May-2022 16:59:04] NOTICE: fpm is running, pid 12642
[13-May-2022 16:59:04] NOTICE: ready to handle connections
[13-May-2022 16:59:36] NOTICE: Terminating ...
[13-May-2022 16:59:36] NOTICE: Terminating ...
[13-May-2022 16:59:36] NOTICE: exiting, bye-bye!
[13-May-2022 16:59:39] NOTICE: fpm is running, pid 12760
[13-May-2022 16:59:39] NOTICE: ready to handle connections
[16-May-2022 10:20:01] NOTICE: Terminating ...
[16-May-2022 10:20:01] NOTICE: exiting, bye-bye!
[16-May-2022 10:20:07] NOTICE: fpm is running, pid 15160
[16-May-2022 10:20:07] NOTICE: ready to handle connections
[16-May-2022 10:20:46] NOTICE: Terminating ...
[16-May-2022 10:20:46] NOTICE: Terminating ...
[16-May-2022 10:20:46] NOTICE: exiting, bye-bye!
[16-May-2022 10:20:54] NOTICE: fpm is running, pid 15452
[16-May-2022 10:20:54] NOTICE: ready to handle connections
[16-May-2022 10:22:33] NOTICE: Terminating ...
[16-May-2022 10:22:33] NOTICE: Terminating ...
[16-May-2022 10:22:33] NOTICE: exiting, bye-bye!
[16-May-2022 10:22:34] NOTICE: fpm is running, pid 16034
[16-May-2022 10:22:34] NOTICE: ready to handle connections
[16-May-2022 10:26:36] NOTICE: Terminating ...
[16-May-2022 10:26:36] NOTICE: Terminating ...
[16-May-2022 10:26:36] NOTICE: exiting, bye-bye!
[16-May-2022 10:32:54] NOTICE: fpm is running, pid 2139
[16-May-2022 10:32:54] NOTICE: ready to handle connections
[16-May-2022 12:09:50] NOTICE: Terminating ...
[16-May-2022 12:09:50] NOTICE: Terminating ...
[16-May-2022 12:09:51] NOTICE: exiting, bye-bye!
[16-May-2022 12:09:52] NOTICE: fpm is running, pid 7377
[16-May-2022 12:09:52] NOTICE: ready to handle connections
[16-May-2022 13:42:21] NOTICE: Terminating ...
[16-May-2022 13:42:21] NOTICE: Terminating ...
[16-May-2022 13:42:21] NOTICE: exiting, bye-bye!
[16-May-2022 13:42:28] NOTICE: fpm is running, pid 10336
[16-May-2022 13:42:28] NOTICE: ready to handle connections
[16-May-2022 16:07:32] NOTICE: Terminating ...
[16-May-2022 16:07:32] NOTICE: Terminating ...
[16-May-2022 16:07:32] NOTICE: exiting, bye-bye!
[16-May-2022 16:07:35] NOTICE: fpm is running, pid 19010
[16-May-2022 16:07:35] NOTICE: ready to handle connections
[17-May-2022 10:10:04] NOTICE: Terminating ...
[17-May-2022 10:10:04] NOTICE: exiting, bye-bye!
[17-May-2022 10:10:36] NOTICE: fpm is running, pid 22704
[17-May-2022 10:10:36] NOTICE: ready to handle connections
[17-May-2022 10:59:24] NOTICE: Terminating ...
[17-May-2022 10:59:24] NOTICE: exiting, bye-bye!
[17-May-2022 11:15:47] NOTICE: fpm is running, pid 1473
[17-May-2022 11:15:47] NOTICE: ready to handle connections
[17-May-2022 13:30:41] NOTICE: Terminating ...
[17-May-2022 13:30:41] NOTICE: exiting, bye-bye!
[17-May-2022 14:01:34] NOTICE: fpm is running, pid 1070
[17-May-2022 14:01:34] NOTICE: ready to handle connections
[17-May-2022 14:08:29] NOTICE: Terminating ...
[17-May-2022 14:08:29] NOTICE: exiting, bye-bye!
[17-May-2022 14:14:06] NOTICE: fpm is running, pid 1614
[17-May-2022 14:14:06] NOTICE: ready to handle connections
[17-May-2022 17:12:34] NOTICE: Terminating ...
[17-May-2022 17:12:34] NOTICE: exiting, bye-bye!
[17-May-2022 17:12:35] NOTICE: fpm is running, pid 9131
[17-May-2022 17:12:35] NOTICE: ready to handle connections
[17-May-2022 17:12:35] NOTICE: Terminating ...
[17-May-2022 17:12:35] NOTICE: exiting, bye-bye!
[17-May-2022 17:12:36] NOTICE: fpm is running, pid 9192
[17-May-2022 17:12:36] NOTICE: ready to handle connections
[17-May-2022 17:12:36] NOTICE: Terminating ...
[17-May-2022 17:12:36] NOTICE: exiting, bye-bye!
[17-May-2022 17:12:37] NOTICE: fpm is running, pid 9224
[17-May-2022 17:12:37] NOTICE: ready to handle connections
[17-May-2022 17:12:40] NOTICE: Terminating ...
[17-May-2022 17:12:40] NOTICE: Terminating ...
[17-May-2022 17:12:40] NOTICE: exiting, bye-bye!
[18-May-2022 10:13:29] NOTICE: fpm is running, pid 10841
[18-May-2022 10:13:29] NOTICE: ready to handle connections
[18-May-2022 13:40:50] NOTICE: Terminating ...
[18-May-2022 13:40:50] NOTICE: Terminating ...
[18-May-2022 13:40:50] NOTICE: exiting, bye-bye!
[18-May-2022 13:40:57] NOTICE: fpm is running, pid 17903
[18-May-2022 13:40:57] NOTICE: ready to handle connections
[18-May-2022 13:57:19] NOTICE: Terminating ...
[18-May-2022 13:57:19] NOTICE: Terminating ...
[18-May-2022 13:57:19] NOTICE: exiting, bye-bye!
[18-May-2022 13:57:21] NOTICE: fpm is running, pid 19061
[18-May-2022 13:57:21] NOTICE: ready to handle connections
[18-May-2022 14:11:16] NOTICE: Terminating ...
[18-May-2022 14:11:16] NOTICE: exiting, bye-bye!
[18-May-2022 14:25:33] NOTICE: fpm is running, pid 1357
[18-May-2022 14:25:33] NOTICE: ready to handle connections
[18-May-2022 14:46:38] NOTICE: Terminating ...
[18-May-2022 14:46:38] NOTICE: Terminating ...
[18-May-2022 14:46:38] NOTICE: exiting, bye-bye!
[18-May-2022 14:46:42] NOTICE: fpm is running, pid 2528
[18-May-2022 14:46:42] NOTICE: ready to handle connections
[18-May-2022 16:54:03] NOTICE: Terminating ...
[18-May-2022 16:54:03] NOTICE: Terminating ...
[18-May-2022 16:54:03] NOTICE: exiting, bye-bye!
[18-May-2022 16:54:06] NOTICE: fpm is running, pid 7363
[18-May-2022 16:54:06] NOTICE: ready to handle connections
[18-May-2022 17:15:06] NOTICE: Terminating ...
[18-May-2022 17:15:06] NOTICE: Terminating ...
[18-May-2022 17:15:06] NOTICE: exiting, bye-bye!
[18-May-2022 17:15:09] NOTICE: fpm is running, pid 8691
[18-May-2022 17:15:09] NOTICE: ready to handle connections
[18-May-2022 17:27:54] NOTICE: Terminating ...
[18-May-2022 17:27:54] NOTICE: exiting, bye-bye!
[19-May-2022 09:59:36] NOTICE: fpm is running, pid 1028
[19-May-2022 09:59:36] NOTICE: ready to handle connections
[19-May-2022 10:10:05] NOTICE: Terminating ...
[19-May-2022 10:10:05] NOTICE: Terminating ...
[19-May-2022 10:10:05] NOTICE: exiting, bye-bye!
[19-May-2022 10:10:08] NOTICE: fpm is running, pid 1855
[19-May-2022 10:10:08] NOTICE: ready to handle connections
[19-May-2022 10:10:27] NOTICE: Terminating ...
[19-May-2022 10:10:27] NOTICE: Terminating ...
[19-May-2022 10:10:27] NOTICE: exiting, bye-bye!
[19-May-2022 10:10:42] NOTICE: fpm is running, pid 1949
[19-May-2022 10:10:42] NOTICE: ready to handle connections
[19-May-2022 10:13:31] NOTICE: Terminating ...
[19-May-2022 10:13:31] NOTICE: Terminating ...
[19-May-2022 10:13:31] NOTICE: exiting, bye-bye!
[19-May-2022 10:13:33] NOTICE: fpm is running, pid 2141
[19-May-2022 10:13:33] NOTICE: ready to handle connections
[19-May-2022 10:15:03] NOTICE: Terminating ...
[19-May-2022 10:15:03] NOTICE: Terminating ...
[19-May-2022 10:15:03] NOTICE: exiting, bye-bye!
[19-May-2022 10:15:05] NOTICE: fpm is running, pid 2290
[19-May-2022 10:15:05] NOTICE: ready to handle connections
[19-May-2022 10:15:39] NOTICE: Terminating ...
[19-May-2022 10:15:39] NOTICE: Terminating ...
[19-May-2022 10:15:39] NOTICE: exiting, bye-bye!
[19-May-2022 10:15:42] NOTICE: fpm is running, pid 2430
[19-May-2022 10:15:42] NOTICE: ready to handle connections
[19-May-2022 10:16:11] NOTICE: Terminating ...
[19-May-2022 10:16:11] NOTICE: Terminating ...
[19-May-2022 10:16:11] NOTICE: exiting, bye-bye!
[19-May-2022 10:16:18] NOTICE: fpm is running, pid 2551
[19-May-2022 10:16:18] NOTICE: ready to handle connections
[19-May-2022 10:32:53] NOTICE: Terminating ...
[19-May-2022 10:32:53] NOTICE: Terminating ...
[19-May-2022 10:32:53] NOTICE: exiting, bye-bye!
[19-May-2022 10:32:57] NOTICE: fpm is running, pid 3417
[19-May-2022 10:32:57] NOTICE: ready to handle connections
[19-May-2022 10:33:35] NOTICE: Terminating ...
[19-May-2022 10:33:35] NOTICE: Terminating ...
[19-May-2022 10:33:35] NOTICE: exiting, bye-bye!
[19-May-2022 10:33:37] NOTICE: fpm is running, pid 3595
[19-May-2022 10:33:37] NOTICE: ready to handle connections
[19-May-2022 10:34:16] NOTICE: Terminating ...
[19-May-2022 10:34:16] NOTICE: Terminating ...
[19-May-2022 10:34:16] NOTICE: exiting, bye-bye!
[19-May-2022 10:34:18] NOTICE: fpm is running, pid 3714
[19-May-2022 10:34:18] NOTICE: ready to handle connections
[19-May-2022 10:42:16] NOTICE: Terminating ...
[19-May-2022 10:42:16] NOTICE: Terminating ...
[19-May-2022 10:42:16] NOTICE: exiting, bye-bye!
[19-May-2022 10:42:18] NOTICE: fpm is running, pid 4055
[19-May-2022 10:42:18] NOTICE: ready to handle connections
[19-May-2022 12:28:01] NOTICE: Terminating ...
[19-May-2022 12:28:01] NOTICE: exiting, bye-bye!
[19-May-2022 13:16:51] NOTICE: fpm is running, pid 1211
[19-May-2022 13:16:51] NOTICE: ready to handle connections
[19-May-2022 15:01:52] NOTICE: Terminating ...
[19-May-2022 15:01:52] NOTICE: Terminating ...
[19-May-2022 15:01:52] NOTICE: exiting, bye-bye!
[19-May-2022 15:01:55] NOTICE: fpm is running, pid 6177
[19-May-2022 15:01:55] NOTICE: ready to handle connections
[19-May-2022 17:09:59] NOTICE: Terminating ...
[19-May-2022 17:09:59] NOTICE: exiting, bye-bye!
[20-May-2022 09:45:35] NOTICE: fpm is running, pid 3383
[20-May-2022 09:45:35] NOTICE: ready to handle connections
[20-May-2022 09:47:28] NOTICE: Terminating ...
[20-May-2022 09:47:28] NOTICE: Terminating ...
[20-May-2022 09:47:28] NOTICE: exiting, bye-bye!
[20-May-2022 09:47:30] NOTICE: fpm is running, pid 3631
[20-May-2022 09:47:30] NOTICE: ready to handle connections
[20-May-2022 09:54:47] NOTICE: Terminating ...
[20-May-2022 09:54:47] NOTICE: Terminating ...
[20-May-2022 09:54:47] NOTICE: exiting, bye-bye!
[20-May-2022 09:54:53] NOTICE: fpm is running, pid 4413
[20-May-2022 09:54:53] NOTICE: ready to handle connections
[23-May-2022 09:58:27] NOTICE: Terminating ...
[23-May-2022 09:58:27] NOTICE: exiting, bye-bye!
[23-May-2022 09:58:36] NOTICE: fpm is running, pid 22546
[23-May-2022 09:58:36] NOTICE: ready to handle connections
[23-May-2022 17:05:17] NOTICE: Terminating ...
[23-May-2022 17:05:17] NOTICE: Terminating ...
[23-May-2022 17:05:17] NOTICE: exiting, bye-bye!
[24-May-2022 09:08:31] NOTICE: fpm is running, pid 1496
[24-May-2022 09:08:31] NOTICE: ready to handle connections
[24-May-2022 09:16:15] NOTICE: Terminating ...
[24-May-2022 09:16:15] NOTICE: Terminating ...
[24-May-2022 09:16:15] NOTICE: exiting, bye-bye!
[24-May-2022 10:39:34] NOTICE: fpm is running, pid 3627
[24-May-2022 10:39:34] NOTICE: ready to handle connections
[24-May-2022 16:54:41] NOTICE: Terminating ...
[24-May-2022 16:54:41] NOTICE: Terminating ...
[24-May-2022 16:54:41] NOTICE: exiting, bye-bye!
[25-May-2022 10:12:33] NOTICE: fpm is running, pid 1190
[25-May-2022 10:12:33] NOTICE: ready to handle connections
[25-May-2022 14:25:24] NOTICE: Terminating ...
[25-May-2022 14:25:24] NOTICE: exiting, bye-bye!
[25-May-2022 14:25:29] NOTICE: fpm is running, pid 10042
[25-May-2022 14:25:29] NOTICE: ready to handle connections
[26-May-2022 10:05:16] NOTICE: fpm is running, pid 898
[26-May-2022 10:05:16] NOTICE: ready to handle connections
[26-May-2022 11:09:29] NOTICE: Terminating ...
[26-May-2022 11:09:29] NOTICE: Terminating ...
[26-May-2022 11:09:29] NOTICE: exiting, bye-bye!
[26-May-2022 11:09:35] NOTICE: fpm is running, pid 4438
[26-May-2022 11:09:35] NOTICE: ready to handle connections
[26-May-2022 16:53:26] NOTICE: Terminating ...
[26-May-2022 16:53:26] NOTICE: Terminating ...
[26-May-2022 16:53:26] NOTICE: exiting, bye-bye!
[26-May-2022 16:53:28] NOTICE: fpm is running, pid 19020
[26-May-2022 16:53:28] NOTICE: ready to handle connections
[26-May-2022 16:57:06] NOTICE: Terminating ...
[26-May-2022 16:57:06] NOTICE: exiting, bye-bye!
[27-May-2022 10:16:23] NOTICE: fpm is running, pid 980
[27-May-2022 10:16:23] NOTICE: ready to handle connections
[27-May-2022 17:03:44] NOTICE: Terminating ...
[27-May-2022 17:03:44] NOTICE: exiting, bye-bye!
[27-May-2022 17:03:50] NOTICE: fpm is running, pid 17341
[27-May-2022 17:03:50] NOTICE: ready to handle connections
[27-May-2022 17:13:06] NOTICE: Terminating ...
[27-May-2022 17:13:06] NOTICE: Terminating ...
[27-May-2022 17:13:06] NOTICE: exiting, bye-bye!
[30-May-2022 10:13:22] NOTICE: fpm is running, pid 21954
[30-May-2022 10:13:22] NOTICE: ready to handle connections
[31-May-2022 10:04:29] NOTICE: Terminating ...
[31-May-2022 10:04:29] NOTICE: exiting, bye-bye!
[31-May-2022 10:04:33] NOTICE: fpm is running, pid 43475
[31-May-2022 10:04:33] NOTICE: ready to handle connections
[31-May-2022 12:08:08] NOTICE: Terminating ...
[31-May-2022 12:08:08] NOTICE: Terminating ...
[31-May-2022 12:08:08] NOTICE: exiting, bye-bye!
[31-May-2022 12:08:12] NOTICE: fpm is running, pid 49534
[31-May-2022 12:08:12] NOTICE: ready to handle connections
[31-May-2022 17:03:44] NOTICE: Terminating ...
[31-May-2022 17:03:44] NOTICE: Terminating ...
[31-May-2022 17:03:44] NOTICE: exiting, bye-bye!
[31-May-2022 17:03:50] NOTICE: fpm is running, pid 60880
[31-May-2022 17:03:50] NOTICE: ready to handle connections
[01-Jun-2022 11:01:06] NOTICE: Terminating ...
[01-Jun-2022 11:01:06] NOTICE: exiting, bye-bye!
[01-Jun-2022 11:01:19] NOTICE: fpm is running, pid 65185
[01-Jun-2022 11:01:19] NOTICE: ready to handle connections
[01-Jun-2022 17:03:25] NOTICE: Terminating ...
[01-Jun-2022 17:03:25] NOTICE: exiting, bye-bye!
[02-Jun-2022 10:38:01] NOTICE: fpm is running, pid 1811
[02-Jun-2022 10:38:01] NOTICE: ready to handle connections
[02-Jun-2022 14:13:54] NOTICE: Terminating ...
[02-Jun-2022 14:13:54] NOTICE: Terminating ...
[02-Jun-2022 14:13:55] NOTICE: exiting, bye-bye!
[02-Jun-2022 14:14:00] NOTICE: fpm is running, pid 6700
[02-Jun-2022 14:14:00] NOTICE: ready to handle connections
[02-Jun-2022 16:55:50] NOTICE: Terminating ...
[02-Jun-2022 16:55:50] NOTICE: Terminating ...
[02-Jun-2022 16:55:50] NOTICE: exiting, bye-bye!
[03-Jun-2022 10:14:57] NOTICE: fpm is running, pid 2236
[03-Jun-2022 10:14:57] NOTICE: ready to handle connections
[03-Jun-2022 16:44:39] NOTICE: Terminating ...
[03-Jun-2022 16:44:39] NOTICE: exiting, bye-bye!
[08-Jun-2022 10:14:56] NOTICE: fpm is running, pid 5488
[08-Jun-2022 10:14:56] NOTICE: ready to handle connections
[08-Jun-2022 10:16:51] NOTICE: Terminating ...
[08-Jun-2022 10:16:51] NOTICE: Terminating ...
[08-Jun-2022 10:16:51] NOTICE: exiting, bye-bye!
[08-Jun-2022 10:16:56] NOTICE: fpm is running, pid 5697
[08-Jun-2022 10:16:56] NOTICE: ready to handle connections
[08-Jun-2022 10:22:32] NOTICE: Terminating ...
[08-Jun-2022 10:22:32] NOTICE: Terminating ...
[08-Jun-2022 10:22:32] NOTICE: exiting, bye-bye!
[08-Jun-2022 10:22:37] NOTICE: fpm is running, pid 6056
[08-Jun-2022 10:22:37] NOTICE: ready to handle connections
[09-Jun-2022 10:01:02] NOTICE: Terminating ...
[09-Jun-2022 10:01:02] NOTICE: exiting, bye-bye!
[09-Jun-2022 10:01:08] NOTICE: fpm is running, pid 25684
[09-Jun-2022 10:01:08] NOTICE: ready to handle connections
[10-Jun-2022 10:12:41] NOTICE: Terminating ...
[10-Jun-2022 10:12:41] NOTICE: exiting, bye-bye!
[10-Jun-2022 10:12:47] NOTICE: fpm is running, pid 48090
[10-Jun-2022 10:12:47] NOTICE: ready to handle connections
[10-Jun-2022 16:15:01] NOTICE: Terminating ...
[10-Jun-2022 16:15:01] NOTICE: Terminating ...
[10-Jun-2022 16:15:01] NOTICE: exiting, bye-bye!
[10-Jun-2022 16:15:14] NOTICE: fpm is running, pid 64189
[10-Jun-2022 16:15:14] NOTICE: ready to handle connections
[10-Jun-2022 17:22:01] NOTICE: Terminating ...
[10-Jun-2022 17:22:01] NOTICE: Terminating ...
[10-Jun-2022 17:22:01] NOTICE: exiting, bye-bye!
[13-Jun-2022 10:19:18] NOTICE: fpm is running, pid 9754
[13-Jun-2022 10:19:18] NOTICE: ready to handle connections
[14-Jun-2022 10:06:29] NOTICE: Terminating ...
[14-Jun-2022 10:06:29] NOTICE: exiting, bye-bye!
[14-Jun-2022 10:06:40] NOTICE: fpm is running, pid 25837
[14-Jun-2022 10:06:40] NOTICE: ready to handle connections
[14-Jun-2022 11:58:06] NOTICE: Terminating ...
[14-Jun-2022 11:58:06] NOTICE: Terminating ...
[14-Jun-2022 11:58:06] NOTICE: exiting, bye-bye!
[14-Jun-2022 11:58:08] NOTICE: fpm is running, pid 29918
[14-Jun-2022 11:58:08] NOTICE: ready to handle connections
[14-Jun-2022 13:33:43] NOTICE: Terminating ...
[14-Jun-2022 13:33:43] NOTICE: exiting, bye-bye!
[14-Jun-2022 13:33:59] NOTICE: fpm is running, pid 33272
[14-Jun-2022 13:33:59] NOTICE: ready to handle connections
[14-Jun-2022 17:08:47] NOTICE: Terminating ...
[14-Jun-2022 17:08:47] NOTICE: exiting, bye-bye!
[15-Jun-2022 10:16:57] NOTICE: fpm is running, pid 3294
[15-Jun-2022 10:16:57] NOTICE: ready to handle connections
[15-Jun-2022 17:36:32] NOTICE: Terminating ...
[15-Jun-2022 17:36:32] NOTICE: Terminating ...
[15-Jun-2022 17:36:32] NOTICE: exiting, bye-bye!
[16-Jun-2022 10:23:36] NOTICE: fpm is running, pid 23011
[16-Jun-2022 10:23:36] NOTICE: ready to handle connections
[16-Jun-2022 15:35:01] NOTICE: Terminating ...
[16-Jun-2022 15:35:01] NOTICE: Terminating ...
[16-Jun-2022 15:35:01] NOTICE: exiting, bye-bye!
[16-Jun-2022 15:35:11] NOTICE: fpm is running, pid 35894
[16-Jun-2022 15:35:11] NOTICE: ready to handle connections
[17-Jun-2022 09:59:30] NOTICE: Terminating ...
[17-Jun-2022 09:59:30] NOTICE: exiting, bye-bye!
[17-Jun-2022 09:59:36] NOTICE: fpm is running, pid 43100
[17-Jun-2022 09:59:36] NOTICE: ready to handle connections
[17-Jun-2022 10:20:43] NOTICE: Terminating ...
[17-Jun-2022 10:20:43] NOTICE: Terminating ...
[17-Jun-2022 10:20:43] NOTICE: exiting, bye-bye!
[17-Jun-2022 10:20:50] NOTICE: fpm is running, pid 44926
[17-Jun-2022 10:20:50] NOTICE: ready to handle connections
[17-Jun-2022 16:53:52] NOTICE: Terminating ...
[17-Jun-2022 16:53:52] NOTICE: Terminating ...
[17-Jun-2022 16:53:52] NOTICE: exiting, bye-bye!
[17-Jun-2022 16:54:00] NOTICE: fpm is running, pid 61182
[17-Jun-2022 16:54:00] NOTICE: ready to handle connections
[20-Jun-2022 10:05:25] NOTICE: Terminating ...
[20-Jun-2022 10:05:25] NOTICE: exiting, bye-bye!
[20-Jun-2022 10:10:32] NOTICE: fpm is running, pid 957
[20-Jun-2022 10:10:32] NOTICE: ready to handle connections
[20-Jun-2022 14:04:18] NOTICE: Terminating ...
[20-Jun-2022 14:04:18] NOTICE: Terminating ...
[20-Jun-2022 14:04:18] NOTICE: exiting, bye-bye!
[20-Jun-2022 14:04:21] NOTICE: fpm is running, pid 10482
[20-Jun-2022 14:04:21] NOTICE: ready to handle connections
[21-Jun-2022 10:07:13] NOTICE: fpm is running, pid 2798
[21-Jun-2022 10:07:13] NOTICE: ready to handle connections
[21-Jun-2022 10:07:28] NOTICE: Terminating ...
[21-Jun-2022 10:07:28] NOTICE: Terminating ...
[21-Jun-2022 10:07:28] NOTICE: exiting, bye-bye!
[21-Jun-2022 10:07:33] NOTICE: fpm is running, pid 2870
[21-Jun-2022 10:07:33] NOTICE: ready to handle connections
[21-Jun-2022 13:34:02] NOTICE: Terminating ...
[21-Jun-2022 13:34:02] NOTICE: exiting, bye-bye!
[21-Jun-2022 13:34:11] NOTICE: fpm is running, pid 10123
[21-Jun-2022 13:34:11] NOTICE: ready to handle connections
[21-Jun-2022 13:41:54] NOTICE: Terminating ...
[21-Jun-2022 13:41:54] NOTICE: Terminating ...
[21-Jun-2022 13:41:54] NOTICE: exiting, bye-bye!
[21-Jun-2022 13:42:09] NOTICE: fpm is running, pid 10447
[21-Jun-2022 13:42:09] NOTICE: ready to handle connections
[22-Jun-2022 10:04:40] NOTICE: Terminating ...
[22-Jun-2022 10:04:40] NOTICE: exiting, bye-bye!
[22-Jun-2022 10:04:44] NOTICE: fpm is running, pid 20899
[22-Jun-2022 10:04:44] NOTICE: ready to handle connections
[23-Jun-2022 10:06:22] NOTICE: Terminating ...
[23-Jun-2022 10:06:22] NOTICE: exiting, bye-bye!
[23-Jun-2022 10:06:27] NOTICE: fpm is running, pid 38837
[23-Jun-2022 10:06:27] NOTICE: ready to handle connections
[23-Jun-2022 11:24:40] NOTICE: Terminating ...
[23-Jun-2022 11:24:40] NOTICE: Terminating ...
[23-Jun-2022 11:24:40] NOTICE: exiting, bye-bye!
[23-Jun-2022 11:24:42] NOTICE: fpm is running, pid 42889
[23-Jun-2022 11:24:42] NOTICE: ready to handle connections
[23-Jun-2022 16:41:16] NOTICE: Terminating ...
[23-Jun-2022 16:41:16] NOTICE: Terminating ...
[23-Jun-2022 16:41:16] NOTICE: exiting, bye-bye!
[23-Jun-2022 16:41:24] NOTICE: fpm is running, pid 54859
[23-Jun-2022 16:41:24] NOTICE: ready to handle connections
[24-Jun-2022 09:59:11] NOTICE: Terminating ...
[24-Jun-2022 09:59:11] NOTICE: exiting, bye-bye!
[24-Jun-2022 09:59:36] NOTICE: fpm is running, pid 59355
[24-Jun-2022 09:59:36] NOTICE: ready to handle connections
[24-Jun-2022 17:40:32] NOTICE: Terminating ...
[24-Jun-2022 17:40:32] NOTICE: Terminating ...
[24-Jun-2022 17:40:32] NOTICE: exiting, bye-bye!
[24-Jun-2022 17:41:01] NOTICE: fpm is running, pid 76581
[24-Jun-2022 17:41:01] NOTICE: ready to handle connections
[24-Jun-2022 19:20:39] NOTICE: Terminating ...
[24-Jun-2022 19:20:39] NOTICE: exiting, bye-bye!
[14-Dec-2022 23:45:34] NOTICE: fpm is running, pid 37799
[14-Dec-2022 23:45:34] NOTICE: ready to handle connections
[15-Dec-2022 00:03:08] NOTICE: Terminating ...
[15-Dec-2022 00:03:08] NOTICE: Terminating ...
[15-Dec-2022 00:03:08] NOTICE: exiting, bye-bye!
[15-Dec-2022 11:00:42] NOTICE: fpm is running, pid 39493
[15-Dec-2022 11:00:42] NOTICE: ready to handle connections
